2019-01-25 17:46:22:  start to sync now
2019-01-25 17:46:24: D:/B-blog/1509084245760.png uploaded to server done
2019-01-25 17:46:26: D:/B-blog/1509084859559.png uploaded to server done
2019-01-25 17:46:27: D:/B-blog/1509084928153.png uploaded to server done
2019-01-25 17:46:29: D:/B-blog/1509085216051.png uploaded to server done
2019-01-25 17:46:30: D:/B-blog/1509085525311.png uploaded to server done
2019-01-25 17:46:32: D:/B-blog/1510025293445.png uploaded to server done
2019-01-25 17:46:33: D:/B-blog/1510025359688.png uploaded to server done
2019-01-25 17:46:34: D:/B-blog/1510025460774.png uploaded to server done
2019-01-25 17:46:36: D:/B-blog/1510025553699.png uploaded to server done
2019-01-25 17:46:38: D:/B-blog/1510025553700.png uploaded to server done
2019-01-25 17:46:39: D:/B-blog/git常用操作记录2018-06-15.txt uploaded to server done
2019-01-25 17:46:40: D:/B-blog/IE兼容实录.md uploaded to server done
2019-01-25 17:46:41: D:/B-blog/node多版本管理工具.md uploaded to server done
2019-01-25 17:46:44: D:/B-blog/readme.pdf uploaded to server done
2019-01-25 17:46:45: D:/B-blog/site.txt exist on server side already
2019-01-25 17:46:46: D:/B-blog/vue-cli项目集成支持SSR(服务端渲染)2018-06-13.txt uploaded to server done
2019-01-25 17:46:48: D:/B-blog/剑侠解包合包.md uploaded to server done
2019-01-25 17:46:49: D:/B-blog/记一次部署踩的坑.md uploaded to server done
2019-01-25 17:46:49: D:/B-blog/_image update folder to server
2019-01-25 17:46:51: D:/B-blog/_image/064ddf6a606c4f0bc6afd6fc76958fe.png uploaded to server done
2019-01-25 17:46:53: D:/B-blog/_image/0819bf1e3538e242a77dcf91a737e74.png uploaded to server done
2019-01-25 17:46:55: D:/B-blog/_image/2018-07-11-15-26-03.jpg uploaded to server done
2019-01-25 17:46:56: D:/B-blog/_image/2018-09-06-10-51-09.jpg uploaded to server done
2019-01-25 17:46:58: D:/B-blog/_image/2018-09-06-10-54-21.jpg uploaded to server done
2019-01-25 17:47:00: D:/B-blog/_image/2018-09-14-09-55-59.jpg uploaded to server done
2019-01-25 17:47:01: D:/B-blog/_image/2018-09-14-09-58-13.jpg uploaded to server done
2019-01-25 17:47:03: D:/B-blog/_image/2018-09-14-10-00-16.jpg uploaded to server done
2019-01-25 17:47:04: D:/B-blog/_image/2019-01-25-16-51-02.jpg uploaded to server done
2019-01-25 17:47:06: D:/B-blog/_image/2019-01-25-17-03-07.jpg uploaded to server done
2019-01-25 17:47:07: D:/B-blog/_image/80bba5a689739aacb39e36409390bd8.jpg uploaded to server done
2019-01-25 17:47:09: D:/B-blog/_image/92925c94d42950ab2e8b075ebbc04ee.png uploaded to server done
2019-01-25 17:47:10: D:/B-blog/_image/b58b1290bd7ff98c93cfc3d4e9eb0bd.jpg uploaded to server done
2019-01-25 17:47:11: D:/B-blog/_image/d4d8596aaeed7b6c59d92800271284e.png uploaded to server done
2019-01-25 17:47:13: D:/B-blog/_image/DFQQOUZM(TM4G]73@ADHYG7.png uploaded to server done
2019-01-25 17:47:15: D:/B-blog/_image/e2399a9be28d1cfdd0f0b77e7affc6f.png uploaded to server done
2019-01-25 17:47:16: D:/B-blog/_image/HM98B50D[)0HDJGDI{$A3KE.png uploaded to server done
2019-01-25 17:47:18: D:/B-blog/_image/K$1OB6(Q_}Z4$]B{4@)0WQK.png uploaded to server done
2019-01-25 17:47:20: D:/B-blog/_image/U7D12Z{WEYTW0Y@T)W%{RM8.jpg uploaded to server done
2019-01-25 17:47:21: D:/B-blog/_image/WZO]VMU~6]A]1L(H9GZ[53U.png uploaded to server done
2019-01-25 17:47:22: D:/B-blog/_image/vue-cli项目集成支持SSR(服务端渲染)2018-06-13 update folder to server
2019-01-25 17:47:23: D:/B-blog/_image/vue-cli项目集成支持SSR(服务端渲染)2018-06-13/10-33-54.jpg uploaded to server done
2019-01-25 17:47:26: D:/B-blog/_image/vue-cli项目集成支持SSR(服务端渲染)2018-06-13/10-56-43.jpg uploaded to server done
2019-01-25 17:47:26:  sync ended
2019-02-13 09:25:26:  start to sync now
2019-02-13 09:25:29: D:/B-blog/sublime3便携式.md uploaded to server done
2019-02-13 09:25:32: D:/B-blog/_image/bfa28e47c2746ea22fa1bf3d185c37a.png uploaded to server done
2019-02-13 09:25:33: D:/B-blog/_image/d9b8ca34c5e2ebf0a79976a96aa8332.png uploaded to server done
2019-02-13 09:25:33:  sync ended
2019-02-13 09:32:04:  start to sync now
2019-02-13 09:32:06: D:/B-blog/sublime3便携式.md uploaded to server done
2019-02-13 09:32:06:  sync ended
2019-02-26 11:10:13:  start to sync now
2019-02-26 11:10:16: D:/B-blog/转移说明.html uploaded to server done
2019-02-26 11:10:19: D:/B-blog/转移说明.md uploaded to server done
2019-02-26 11:10:22: D:/B-blog/_image/84A912C962634EAF9AC038A4E62A2691.png uploaded to server done
2019-02-26 11:10:22:  sync ended
2019-02-26 11:11:58:  start to sync now
2019-02-26 11:12:00: D:/B-blog/转移说明.md uploaded to server done
2019-02-26 11:12:00:  sync ended
2019-02-26 11:13:49:  start to sync now
2019-02-26 11:13:52: D:/B-blog/转移说明.md uploaded to server done
2019-02-26 11:13:52:  sync ended
2019-02-26 11:14:12:  start to sync now
2019-02-26 11:14:12:  sync ended
2019-02-26 11:16:56:  start to sync now
2019-02-26 11:16:58: D:/B-blog/转移说明.md uploaded to server done
2019-02-26 11:16:58:  sync ended
2019-02-26 11:17:09:  start to sync now
2019-02-26 11:17:11: D:/B-blog/转移说明.html uploaded to server done
2019-02-26 11:17:11:  sync ended
2019-02-26 11:17:25:  start to sync now
2019-02-26 11:17:27: D:/B-blog/转移说明.md uploaded to server done
2019-02-26 11:17:27:  sync ended
2019-02-26 11:20:23:  start to sync now
2019-02-26 11:20:25: D:/B-blog/转移说明.md uploaded to server done
2019-02-26 11:20:25:  sync ended
2019-02-26 11:20:28:  start to sync now
2019-02-26 11:20:28:  sync ended
2019-02-26 11:20:53:  start to sync now
2019-02-26 11:20:55: D:/B-blog/转移说明.md uploaded to server done
2019-02-26 11:20:55:  sync ended
2019-02-26 17:10:02:  start to sync now
2019-02-26 17:10:05: D:/B-blog/转移说明.md uploaded to server done
2019-02-26 17:10:07: D:/B-blog/_image/3c57274a2019d167a1dcbfb32c2e88e.png uploaded to server done
2019-02-26 17:10:07:  sync ended
2019-02-26 17:15:57:  start to sync now
2019-02-26 17:15:58: D:/B-blog/转区模式，并开启华山二区公告.md uploaded to server done
2019-02-26 17:15:59: D:/B-blog/转移说明.md deleted on server
2019-02-26 17:15:59:  sync ended
2019-02-26 17:18:46:  start to sync now
2019-02-26 17:18:49: D:/B-blog/转区模式，并开启华山二区公告.md uploaded to server done
2019-02-26 17:18:50: D:/B-blog/_image/3c57274a2019d167a1dcbfb32c2e88e.png deleted on server
2019-02-26 17:18:50:  sync ended
2019-02-26 17:24:26:  start to sync now
2019-02-26 17:24:28: D:/B-blog/转区模式，并开启华山二区公告.md uploaded to server done
2019-02-26 17:24:32: D:/B-blog/_image/35533c31696c5217c482901f666a84e.png uploaded to server done
2019-02-26 17:24:35: D:/B-blog/_image/3M%N3W8_[GC9A4GYYV513LC.png uploaded to server done
2019-02-26 17:24:35:  sync ended
2019-02-26 17:30:19:  start to sync now
2019-02-26 17:30:21: D:/B-blog/转区模式，并开启华山二区公告.md uploaded to server done
2019-02-26 17:30:21:  sync ended
2019-06-06 14:20:47:  start to sync now
2019-06-06 14:20:48: D:/B-blog/IE踩到的一些坑.md uploaded to server done
2019-06-06 14:20:49: D:/B-blog/IE兼容实录.md deleted on server
2019-06-06 14:20:49:  sync ended
2019-06-06 14:22:34:  start to sync now
2019-06-06 14:22:35: D:/B-blog/IE踩到的一些坑.md uploaded to server done
2019-06-06 14:22:36:  sync ended
2019-06-06 14:23:20:  start to sync now
2019-06-06 14:23:21: D:/B-blog/IE踩到的一些坑.md uploaded to server done
2019-06-06 14:23:22:  sync ended
2019-06-06 14:24:21:  start to sync now
2019-06-06 14:24:23: D:/B-blog/IE踩到的一些坑.md uploaded to server done
2019-06-06 14:24:23:  sync ended
2019-06-07 00:06:29:  start to sync now
2019-06-07 00:06:31: D:/B-blog/IE踩到的一些坑.md uploaded to server done
2019-06-07 00:06:33: D:/B-blog/Npm包从0到1.md uploaded to server done
2019-06-07 00:06:39: D:/B-blog/_image/2019-06-06-19-20-52.jpg uploaded to server done
2019-06-07 00:06:39:  sync ended
2019-06-13 21:12:41:  start to sync now
2019-06-13 21:12:44: D:/B-blog/温故而知新.md uploaded to server done
2019-06-13 21:12:46: D:/B-blog/_image/a2a7803323407c221860f062cc9ee58.png uploaded to server done
2019-06-13 21:12:46:  sync ended
2019-09-29 16:43:26:  start to sync now
2019-09-29 16:43:29: D:/B-blog/温故而知新.md uploaded to server done
2019-09-29 16:43:30: D:/B-blog/_image/2019-09-29-16-25-20.jpg uploaded to server done
2019-09-29 16:43:31:  sync ended
2020-09-13 14:45:41:  start to sync now
2020-09-13 14:45:42:  sync ended
2020-09-15 19:02:24:  start to sync now
2020-09-15 19:02:28: D:/B-blog/BOM浏览器对象模型.md uploaded to server done
2020-09-15 19:02:30: D:/B-blog/_image/2020-09-13-17-11-30.jpg uploaded to server done
2020-09-15 19:02:32: D:/B-blog/_image/2020-09-15-18-12-05.jpg uploaded to server done
2020-09-15 19:02:34: D:/B-blog/_image/2020-09-15-18-18-42.jpg uploaded to server done
2020-09-15 19:02:36: D:/B-blog/_image/2020-09-15-18-18-51.jpg uploaded to server done
2020-09-15 19:02:39: D:/B-blog/_image/2020-09-15-18-25-30.jpg uploaded to server done
2020-09-15 19:02:41: D:/B-blog/_image/open()第三个参数的配置数值.png uploaded to server done
2020-09-15 19:02:43: D:/B-blog/_image/可视区域 和 窗口大小 (1).png uploaded to server done
2020-09-15 19:02:46: D:/B-blog/_image/可视区域 和 窗口大小 (2).png uploaded to server done
2020-09-15 19:02:48: D:/B-blog/_image/可视区域 和 窗口大小.png uploaded to server done
2020-09-15 19:02:50: D:/B-blog/_image/未命名文件.png uploaded to server done
2020-09-15 19:02:51:  sync ended
2020-09-15 19:08:33:  start to sync now
2020-09-15 19:08:36: D:/B-blog/BOM浏览器对象模型.md uploaded to server done
2020-09-15 19:08:37: D:/B-blog/转区模式，并开启华山二区公告.md deleted on server
2020-09-15 19:08:37:  sync ended
2020-12-11 21:44:27:  start to sync now
2020-12-11 21:44:30: D:/B-blog/ES6加厚垒土 let和const.md uploaded to server done
2020-12-11 21:44:32: D:/B-blog/_image/2020-12-11-20-35-01.jpg uploaded to server done
2020-12-11 21:44:32:  sync ended
2020-12-11 21:45:33:  start to sync now
2020-12-11 21:45:35: D:/B-blog/ES6灌溉垒土：let和const.md uploaded to server done
2020-12-11 21:45:36: D:/B-blog/ES6加厚垒土 let和const.md deleted on server
2020-12-11 21:45:36:  sync ended
2020-12-11 21:45:48:  start to sync now
2020-12-11 21:45:49:  sync ended
2020-12-11 21:46:53:  start to sync now
2020-12-11 21:46:55: D:/B-blog/ES6灌溉垒土：let和const.md uploaded to server done
2020-12-11 21:46:55:  sync ended
2020-12-13 18:38:34:  start to sync now
2020-12-13 18:38:37: D:/B-blog/ES6灌溉垒土：let和const.md uploaded to server done
2020-12-13 18:38:40: D:/B-blog/ES6灌溉垒土：解构赋值.md uploaded to server done
2020-12-13 18:38:40:  sync ended
2020-12-13 18:43:27:  start to sync now
2020-12-13 18:43:30: D:/B-blog/ES6灌溉垒土：解构赋值.md uploaded to server done
2020-12-13 18:43:30:  sync ended
2020-12-20 22:02:34:  start to sync now
2020-12-20 22:02:37: D:/B-blog/ES6灌溉垒土 uploaded to server done
2020-12-20 22:02:43: D:/B-blog/ES6灌溉垒土：字符串新增的方法.md uploaded to server done
2020-12-20 22:02:43:  sync ended
2021-01-09 15:56:51:  start to sync now
2021-01-09 15:56:56: D:/B-blog/es6-function.md uploaded to server done
2021-01-09 15:56:58: D:/B-blog/谈谈flex的语法糖.md uploaded to server done
2021-01-09 15:56:58:  sync ended
